# JRE version: Java(TM) SE Runtime Environment (16.0+36) (build 16+36-2231)
# Java VM: Java HotSpot(TM) 64-Bit Server VM (16+36-2231, mixed mode, sharing, tiered, compressed oops, g1 gc, windows-amd64)
GC Precious Log:
 CPUs: 4 total, 4 available
 Memory: 16289M
 Large Page Support: Disabled
 NUMA Support: Disabled
 Compressed Oops: Enabled (Zero based)
 Heap Region Size: 2M
 Heap Min Capacity: 8M
 Heap Initial Capacity: 256M
 Heap Max Capacity: 4074M
 Pre-touch: Disabled
 Parallel Workers: 4
 Concurrent Workers: 1
 Concurrent Refinement Workers: 4
 Periodic GC: Disabled
Heap:
 garbage-first heap   total 55296K, used 28666K [0x0000000701600000, 0x0000000800000000)
  region size 2048K, 12 young (24576K), 4 survivors (8192K)
 Metaspace       used 26484K, committed 26752K, reserved 1073152K
  class space    used 3591K, committed 3712K, reserved 1048576K
GC Heap History (6 events):
Event: 0.475 GC heap before
{Heap before GC invocations=0 (full 0):
 garbage-first heap   total 262144K, used 10240K [0x0000000701600000, 0x0000000800000000)
  region size 2048K, 6 young (12288K), 0 survivors (0K)
 Metaspace       used 1030K, committed 1216K, reserved 1056768K
  class space    used 77K, committed 192K, reserved 1048576K
}
Event: 0.479 GC heap after
{Heap after GC invocations=1 (full 0):
 garbage-first heap   total 262144K, used 1522K [0x0000000701600000, 0x0000000800000000)
  region size 2048K, 1 young (2048K), 1 survivors (2048K)
 Metaspace       used 1030K, committed 1216K, reserved 1056768K
  class space    used 77K, committed 192K, reserved 1048576K
}
Event: 1.514 GC heap before
{Heap before GC invocations=1 (full 0):
 garbage-first heap   total 262144K, used 22002K [0x0000000701600000, 0x0000000800000000)
  region size 2048K, 11 young (22528K), 1 survivors (2048K)
 Metaspace       used 8106K, committed 8384K, reserved 1056768K
  class space    used 1010K, committed 1152K, reserved 1048576K
}
Event: 1.519 GC heap after
{Heap after GC invocations=2 (full 0):
 garbage-first heap   total 262144K, used 4485K [0x0000000701600000, 0x0000000800000000)
  region size 2048K, 2 young (4096K), 2 survivors (4096K)
 Metaspace       used 8106K, committed 8384K, reserved 1056768K
  class space    used 1010K, committed 1152K, reserved 1048576K
}
Event: 6.909 GC heap before
{Heap before GC invocations=2 (full 0):
 garbage-first heap   total 262144K, used 53637K [0x0000000701600000, 0x0000000800000000)
  region size 2048K, 24 young (49152K), 2 survivors (4096K)
 Metaspace       used 21002K, committed 21248K, reserved 1073152K
  class space    used 2906K, committed 3072K, reserved 1048576K
}
Event: 6.921 GC heap after
{Heap after GC invocations=3 (full 0):
 garbage-first heap   total 262144K, used 14330K [0x0000000701600000, 0x0000000800000000)
  region size 2048K, 4 young (8192K), 4 survivors (8192K)
 Metaspace       used 21002K, committed 21248K, reserved 1073152K
  class space    used 2906K, committed 3072K, reserved 1048576K
}

