# JRE version: Java(TM) SE Runtime Environment (16.0+36) (build 16+36-2231)
# Java VM: Java HotSpot(TM) 64-Bit Server VM (16+36-2231, mixed mode, sharing, tiered, compressed oops, g1 gc, windows-amd64)
GC Precious Log:
 CPUs: 4 total, 4 available
 Memory: 16289M
 Large Page Support: Disabled
 NUMA Support: Disabled
 Compressed Oops: Enabled (Zero based)
 Heap Region Size: 2M
 Heap Min Capacity: 8M
 Heap Initial Capacity: 256M
 Heap Max Capacity: 4074M
 Pre-touch: Disabled
 Parallel Workers: 4
 Concurrent Workers: 1
 Concurrent Refinement Workers: 4
 Periodic GC: Disabled
Heap:
 garbage-first heap   total 57344K, used 31634K [0x0000000701600000, 0x0000000800000000)
  region size 2048K, 4 young (8192K), 1 survivors (2048K)
 Metaspace       used 29140K, committed 29568K, reserved 1081344K
  class space    used 3898K, committed 4096K, reserved 1048576K
GC Heap History (14 events):
Event: 0.590 GC heap before
{Heap before GC invocations=0 (full 0):
 garbage-first heap   total 262144K, used 10240K [0x0000000701600000, 0x0000000800000000)
  region size 2048K, 6 young (12288K), 0 survivors (0K)
 Metaspace       used 1159K, committed 1344K, reserved 1056768K
  class space    used 87K, committed 192K, reserved 1048576K
}
Event: 0.593 GC heap after
{Heap after GC invocations=1 (full 0):
 garbage-first heap   total 262144K, used 1533K [0x0000000701600000, 0x0000000800000000)
  region size 2048K, 1 young (2048K), 1 survivors (2048K)
 Metaspace       used 1159K, committed 1344K, reserved 1056768K
  class space    used 87K, committed 192K, reserved 1048576K
}
Event: 1.451 GC heap before
{Heap before GC invocations=1 (full 0):
 garbage-first heap   total 262144K, used 19965K [0x0000000701600000, 0x0000000800000000)
  region size 2048K, 11 young (22528K), 1 survivors (2048K)
 Metaspace       used 8110K, committed 8384K, reserved 1056768K
  class space    used 1010K, committed 1152K, reserved 1048576K
}
Event: 1.457 GC heap after
{Heap after GC invocations=2 (full 0):
 garbage-first heap   total 262144K, used 4477K [0x0000000701600000, 0x0000000800000000)
  region size 2048K, 2 young (4096K), 2 survivors (4096K)
 Metaspace       used 8110K, committed 8384K, reserved 1056768K
  class space    used 1010K, committed 1152K, reserved 1048576K
}
Event: 7.693 GC heap before
{Heap before GC invocations=2 (full 0):
 garbage-first heap   total 262144K, used 53629K [0x0000000701600000, 0x0000000800000000)
  region size 2048K, 24 young (49152K), 2 survivors (4096K)
 Metaspace       used 20952K, committed 21248K, reserved 1073152K
  class space    used 2899K, committed 3072K, reserved 1048576K
}
Event: 7.705 GC heap after
{Heap after GC invocations=3 (full 0):
 garbage-first heap   total 262144K, used 14330K [0x0000000701600000, 0x0000000800000000)
  region size 2048K, 4 young (8192K), 4 survivors (8192K)
 Metaspace       used 20952K, committed 21248K, reserved 1073152K
  class space    used 2899K, committed 3072K, reserved 1048576K
}
Event: 11.290 GC heap before
{Heap before GC invocations=4 (full 0):
 garbage-first heap   total 55296K, used 38906K [0x0000000701600000, 0x0000000800000000)
  region size 2048K, 16 young (32768K), 4 survivors (8192K)
 Metaspace       used 27771K, committed 28160K, reserved 1073152K
  class space    used 3765K, committed 3968K, reserved 1048576K
}
Event: 11.302 GC heap after
{Heap after GC invocations=5 (full 0):
 garbage-first heap   total 55296K, used 18426K [0x0000000701600000, 0x0000000800000000)
  region size 2048K, 2 young (4096K), 2 survivors (4096K)
 Metaspace       used 27771K, committed 28160K, reserved 1073152K
  class space    used 3765K, committed 3968K, reserved 1048576K
}
Event: 11.708 GC heap before
{Heap before GC invocations=5 (full 0):
 garbage-first heap   total 55296K, used 38906K [0x0000000701600000, 0x0000000800000000)
  region size 2048K, 12 young (24576K), 2 survivors (4096K)
 Metaspace       used 28571K, committed 28928K, reserved 1081344K
  class space    used 3860K, committed 4032K, reserved 1048576K
}
Event: 11.714 GC heap after
{Heap after GC invocations=6 (full 0):
 garbage-first heap   total 55296K, used 22253K [0x0000000701600000, 0x0000000800000000)
  region size 2048K, 2 young (4096K), 2 survivors (4096K)
 Metaspace       used 28571K, committed 28928K, reserved 1081344K
  class space    used 3860K, committed 4032K, reserved 1048576K
}
Event: 12.012 GC heap before
{Heap before GC invocations=6 (full 0):
 garbage-first heap   total 55296K, used 32493K [0x0000000701600000, 0x0000000800000000)
  region size 2048K, 5 young (10240K), 2 survivors (4096K)
 Metaspace       used 28798K, committed 29248K, reserved 1081344K
  class space    used 3872K, committed 4096K, reserved 1048576K
}
Event: 12.016 GC heap after
{Heap after GC invocations=7 (full 0):
 garbage-first heap   total 55296K, used 24582K [0x0000000701600000, 0x0000000800000000)
  region size 2048K, 1 young (2048K), 1 survivors (2048K)
 Metaspace       used 28798K, committed 29248K, reserved 1081344K
  class space    used 3872K, committed 4096K, reserved 1048576K
}
Event: 12.419 GC heap before
{Heap before GC invocations=7 (full 0):
 garbage-first heap   total 57344K, used 47110K [0x0000000701600000, 0x0000000800000000)
  region size 2048K, 4 young (8192K), 1 survivors (2048K)
 Metaspace       used 29008K, committed 29440K, reserved 1081344K
  class space    used 3894K, committed 4096K, reserved 1048576K
}
Event: 12.421 GC heap after
{Heap after GC invocations=8 (full 0):
 garbage-first heap   total 57344K, used 25490K [0x0000000701600000, 0x0000000800000000)
  region size 2048K, 1 young (2048K), 1 survivors (2048K)
 Metaspace       used 29008K, committed 29440K, reserved 1081344K
  class space    used 3894K, committed 4096K, reserved 1048576K
}

