# JRE version: Java(TM) SE Runtime Environment (16.0+36) (build 16+36-2231)
# Java VM: Java HotSpot(TM) 64-Bit Server VM (16+36-2231, mixed mode, sharing, tiered, compressed oops, g1 gc, windows-amd64)
GC Precious Log:
 CPUs: 4 total, 4 available
 Memory: 16289M
 Large Page Support: Disabled
 NUMA Support: Disabled
 Compressed Oops: Enabled (Zero based)
 Heap Region Size: 2M
 Heap Min Capacity: 8M
 Heap Initial Capacity: 256M
 Heap Max Capacity: 4074M
 Pre-touch: Disabled
 Parallel Workers: 4
 Concurrent Workers: 1
 Concurrent Refinement Workers: 4
 Periodic GC: Disabled
Heap:
 garbage-first heap   total 161792K, used 92185K [0x0000000701600000, 0x0000000800000000)
  region size 2048K, 19 young (38912K), 2 survivors (4096K)
 Metaspace       used 30711K, committed 31168K, reserved 1081344K
  class space    used 3888K, committed 4096K, reserved 1048576K
GC Heap History (20 events):
Event: 1.366 GC heap before
{Heap before GC invocations=1 (full 0):
 garbage-first heap   total 262144K, used 19972K [0x0000000701600000, 0x0000000800000000)
  region size 2048K, 11 young (22528K), 1 survivors (2048K)
 Metaspace       used 7662K, committed 7872K, reserved 1056768K
  class space    used 938K, committed 1024K, reserved 1048576K
}
Event: 1.371 GC heap after
{Heap after GC invocations=2 (full 0):
 garbage-first heap   total 262144K, used 4167K [0x0000000701600000, 0x0000000800000000)
  region size 2048K, 2 young (4096K), 2 survivors (4096K)
 Metaspace       used 7662K, committed 7872K, reserved 1056768K
  class space    used 938K, committed 1024K, reserved 1048576K
}
Event: 13.044 GC heap before
{Heap before GC invocations=2 (full 0):
 garbage-first heap   total 262144K, used 59463K [0x0000000701600000, 0x0000000800000000)
  region size 2048K, 27 young (55296K), 2 survivors (4096K)
 Metaspace       used 21029K, committed 21248K, reserved 1073152K
  class space    used 2851K, committed 2944K, reserved 1048576K
}
Event: 13.061 GC heap after
{Heap after GC invocations=3 (full 0):
 garbage-first heap   total 262144K, used 15188K [0x0000000701600000, 0x0000000800000000)
  region size 2048K, 5 young (10240K), 5 survivors (10240K)
 Metaspace       used 21029K, committed 21248K, reserved 1073152K
  class space    used 2851K, committed 2944K, reserved 1048576K
}
Event: 21.205 GC heap before
{Heap before GC invocations=4 (full 0):
 garbage-first heap   total 61440K, used 41812K [0x0000000701600000, 0x0000000800000000)
  region size 2048K, 18 young (36864K), 5 survivors (10240K)
 Metaspace       used 28287K, committed 28736K, reserved 1081344K
  class space    used 3761K, committed 3968K, reserved 1048576K
}
Event: 21.237 GC heap after
{Heap after GC invocations=5 (full 0):
 garbage-first heap   total 61440K, used 18065K [0x0000000701600000, 0x0000000800000000)
  region size 2048K, 2 young (4096K), 2 survivors (4096K)
 Metaspace       used 28287K, committed 28736K, reserved 1081344K
  class space    used 3761K, committed 3968K, reserved 1048576K
}
Event: 24.125 GC heap before
{Heap before GC invocations=5 (full 0):
 garbage-first heap   total 61440K, used 34449K [0x0000000701600000, 0x0000000800000000)
  region size 2048K, 9 young (18432K), 2 survivors (4096K)
 Metaspace       used 28900K, committed 29248K, reserved 1081344K
  class space    used 3808K, committed 3968K, reserved 1048576K
}
Event: 24.131 GC heap after
{Heap after GC invocations=6 (full 0):
 garbage-first heap   total 61440K, used 19762K [0x0000000701600000, 0x0000000800000000)
  region size 2048K, 1 young (2048K), 1 survivors (2048K)
 Metaspace       used 28900K, committed 29248K, reserved 1081344K
  class space    used 3808K, committed 3968K, reserved 1048576K
}
Event: 24.395 GC heap before
{Heap before GC invocations=6 (full 0):
 garbage-first heap   total 61440K, used 27954K [0x0000000701600000, 0x0000000800000000)
  region size 2048K, 2 young (4096K), 1 survivors (2048K)
 Metaspace       used 28918K, committed 29248K, reserved 1081344K
  class space    used 3808K, committed 3968K, reserved 1048576K
}
Event: 24.399 GC heap after
{Heap after GC invocations=7 (full 0):
 garbage-first heap   total 61440K, used 19704K [0x0000000701600000, 0x0000000800000000)
  region size 2048K, 1 young (2048K), 1 survivors (2048K)
 Metaspace       used 28918K, committed 29248K, reserved 1081344K
  class space    used 3808K, committed 3968K, reserved 1048576K
}
Event: 24.987 GC heap before
{Heap before GC invocations=7 (full 0):
 garbage-first heap   total 61440K, used 25848K [0x0000000701600000, 0x0000000800000000)
  region size 2048K, 4 young (8192K), 1 survivors (2048K)
 Metaspace       used 28943K, committed 29312K, reserved 1081344K
  class space    used 3808K, committed 3968K, reserved 1048576K
}
Event: 24.994 GC heap after
{Heap after GC invocations=8 (full 0):
 garbage-first heap   total 61440K, used 22391K [0x0000000701600000, 0x0000000800000000)
  region size 2048K, 2 young (4096K), 2 survivors (4096K)
 Metaspace       used 28943K, committed 29312K, reserved 1081344K
  class space    used 3808K, committed 3968K, reserved 1048576K
}
Event: 25.951 GC heap before
{Heap before GC invocations=8 (full 0):
 garbage-first heap   total 61440K, used 49015K [0x0000000701600000, 0x0000000800000000)
  region size 2048K, 12 young (24576K), 2 survivors (4096K)
 Metaspace       used 29340K, committed 29696K, reserved 1081344K
  class space    used 3827K, committed 3968K, reserved 1048576K
}
Event: 25.953 GC heap after
{Heap after GC invocations=9 (full 0):
 garbage-first heap   total 61440K, used 23647K [0x0000000701600000, 0x0000000800000000)
  region size 2048K, 2 young (4096K), 2 survivors (4096K)
 Metaspace       used 29340K, committed 29696K, reserved 1081344K
  class space    used 3827K, committed 3968K, reserved 1048576K
}
Event: 26.715 GC heap before
{Heap before GC invocations=9 (full 0):
 garbage-first heap   total 61440K, used 42079K [0x0000000701600000, 0x0000000800000000)
  region size 2048K, 12 young (24576K), 2 survivors (4096K)
 Metaspace       used 29757K, committed 30208K, reserved 1081344K
  class space    used 3845K, committed 4096K, reserved 1048576K
}
Event: 26.727 GC heap after
{Heap after GC invocations=10 (full 0):
 garbage-first heap   total 61440K, used 25649K [0x0000000701600000, 0x0000000800000000)
  region size 2048K, 2 young (4096K), 2 survivors (4096K)
 Metaspace       used 29757K, committed 30208K, reserved 1081344K
  class space    used 3845K, committed 4096K, reserved 1048576K
}
Event: 26.730 GC heap before
{Heap before GC invocations=10 (full 0):
 garbage-first heap   total 61440K, used 27697K [0x0000000701600000, 0x0000000800000000)
  region size 2048K, 3 young (6144K), 2 survivors (4096K)
 Metaspace       used 29757K, committed 30208K, reserved 1081344K
  class space    used 3845K, committed 4096K, reserved 1048576K
}
Event: 26.741 GC heap after
{Heap after GC invocations=11 (full 0):
 garbage-first heap   total 161792K, used 27150K [0x0000000701600000, 0x0000000800000000)
  region size 2048K, 1 young (2048K), 1 survivors (2048K)
 Metaspace       used 29757K, committed 30208K, reserved 1081344K
  class space    used 3845K, committed 4096K, reserved 1048576K
}
Event: 39.935 GC heap before
{Heap before GC invocations=11 (full 0):
 garbage-first heap   total 161792K, used 141838K [0x0000000701600000, 0x0000000800000000)
  region size 2048K, 40 young (81920K), 1 survivors (2048K)
 Metaspace       used 30469K, committed 30912K, reserved 1081344K
  class space    used 3878K, committed 4096K, reserved 1048576K
}
Event: 39.941 GC heap after
{Heap after GC invocations=12 (full 0):
 garbage-first heap   total 161792K, used 57369K [0x0000000701600000, 0x0000000800000000)
  region size 2048K, 2 young (4096K), 2 survivors (4096K)
 Metaspace       used 30469K, committed 30912K, reserved 1081344K
  class space    used 3878K, committed 4096K, reserved 1048576K
}

