# JRE version: Java(TM) SE Runtime Environment (16.0+36) (build 16+36-2231)
# Java VM: Java HotSpot(TM) 64-Bit Server VM (16+36-2231, mixed mode, sharing, tiered, compressed oops, g1 gc, windows-amd64)
GC Precious Log:
 CPUs: 4 total, 4 available
 Memory: 16289M
 Large Page Support: Disabled
 NUMA Support: Disabled
 Compressed Oops: Enabled (Zero based)
 Heap Region Size: 2M
 Heap Min Capacity: 8M
 Heap Initial Capacity: 256M
 Heap Max Capacity: 4074M
 Pre-touch: Disabled
 Parallel Workers: 4
 Concurrent Workers: 1
 Concurrent Refinement Workers: 4
 Periodic GC: Disabled
Heap:
 garbage-first heap   total 61440K, used 42537K [0x0000000701600000, 0x0000000800000000)
  region size 2048K, 15 young (30720K), 3 survivors (6144K)
 Metaspace       used 28618K, committed 29056K, reserved 1081344K
  class space    used 3837K, committed 4032K, reserved 1048576K
GC Heap History (10 events):
Event: 0.384 GC heap before
{Heap before GC invocations=0 (full 0):
 garbage-first heap   total 262144K, used 10240K [0x0000000701600000, 0x0000000800000000)
  region size 2048K, 6 young (12288K), 0 survivors (0K)
 Metaspace       used 978K, committed 1152K, reserved 1056768K
  class space    used 69K, committed 192K, reserved 1048576K
}
Event: 0.391 GC heap after
{Heap after GC invocations=1 (full 0):
 garbage-first heap   total 262144K, used 1111K [0x0000000701600000, 0x0000000800000000)
  region size 2048K, 1 young (2048K), 1 survivors (2048K)
 Metaspace       used 978K, committed 1152K, reserved 1056768K
  class space    used 69K, committed 192K, reserved 1048576K
}
Event: 1.401 GC heap before
{Heap before GC invocations=1 (full 0):
 garbage-first heap   total 262144K, used 19543K [0x0000000701600000, 0x0000000800000000)
  region size 2048K, 11 young (22528K), 1 survivors (2048K)
 Metaspace       used 7650K, committed 7872K, reserved 1056768K
  class space    used 938K, committed 1024K, reserved 1048576K
}
Event: 1.407 GC heap after
{Heap after GC invocations=2 (full 0):
 garbage-first heap   total 262144K, used 4273K [0x0000000701600000, 0x0000000800000000)
  region size 2048K, 2 young (4096K), 2 survivors (4096K)
 Metaspace       used 7650K, committed 7872K, reserved 1056768K
  class space    used 938K, committed 1024K, reserved 1048576K
}
Event: 2.686 GC heap before
{Heap before GC invocations=2 (full 0):
 garbage-first heap   total 262144K, used 43185K [0x0000000701600000, 0x0000000800000000)
  region size 2048K, 19 young (38912K), 2 survivors (4096K)
 Metaspace       used 15807K, committed 16064K, reserved 1064960K
  class space    used 2372K, committed 2496K, reserved 1048576K
}
Event: 2.697 GC heap after
{Heap after GC invocations=3 (full 0):
 garbage-first heap   total 262144K, used 10154K [0x0000000701600000, 0x0000000800000000)
  region size 2048K, 3 young (6144K), 3 survivors (6144K)
 Metaspace       used 15807K, committed 16064K, reserved 1064960K
  class space    used 2372K, committed 2496K, reserved 1048576K
}
Event: 6.360 GC heap before
{Heap before GC invocations=3 (full 0):
 garbage-first heap   total 262144K, used 22442K [0x0000000701600000, 0x0000000800000000)
  region size 2048K, 9 young (18432K), 3 survivors (6144K)
 Metaspace       used 20997K, committed 21248K, reserved 1073152K
  class space    used 2911K, committed 3072K, reserved 1048576K
}
Event: 6.369 GC heap after
{Heap after GC invocations=4 (full 0):
 garbage-first heap   total 262144K, used 14606K [0x0000000701600000, 0x0000000800000000)
  region size 2048K, 3 young (6144K), 3 survivors (6144K)
 Metaspace       used 20997K, committed 21248K, reserved 1073152K
  class space    used 2911K, committed 3072K, reserved 1048576K
}
Event: 11.127 GC heap before
{Heap before GC invocations=5 (full 0):
 garbage-first heap   total 61440K, used 43278K [0x0000000701600000, 0x0000000800000000)
  region size 2048K, 18 young (36864K), 3 survivors (6144K)
 Metaspace       used 27732K, committed 28096K, reserved 1073152K
  class space    used 3735K, committed 3904K, reserved 1048576K
}
Event: 11.137 GC heap after
{Heap after GC invocations=6 (full 0):
 garbage-first heap   total 61440K, used 17961K [0x0000000701600000, 0x0000000800000000)
  region size 2048K, 3 young (6144K), 3 survivors (6144K)
 Metaspace       used 27732K, committed 28096K, reserved 1073152K
  class space    used 3735K, committed 3904K, reserved 1048576K
}

