# JRE version: Java(TM) SE Runtime Environment (16.0+36) (build 16+36-2231)
# Java VM: Java HotSpot(TM) 64-Bit Server VM (16+36-2231, mixed mode, sharing, tiered, compressed oops, g1 gc, windows-amd64)
GC Precious Log:
 CPUs: 4 total, 4 available
 Memory: 16289M
 Large Page Support: Disabled
 NUMA Support: Disabled
 Compressed Oops: Enabled (Zero based)
 Heap Region Size: 2M
 Heap Min Capacity: 8M
 Heap Initial Capacity: 256M
 Heap Max Capacity: 4074M
 Pre-touch: Disabled
 Parallel Workers: 4
 Concurrent Workers: 1
 Concurrent Refinement Workers: 4
 Periodic GC: Disabled
Heap:
 garbage-first heap   total 61440K, used 28400K [0x0000000701600000, 0x0000000800000000)
  region size 2048K, 6 young (12288K), 1 survivors (2048K)
 Metaspace       used 29260K, committed 29696K, reserved 1081344K
  class space    used 3841K, committed 4096K, reserved 1048576K
GC Heap History (10 events):
Event: 0.356 GC heap before
{Heap before GC invocations=0 (full 0):
 garbage-first heap   total 262144K, used 10240K [0x0000000701600000, 0x0000000800000000)
  region size 2048K, 6 young (12288K), 0 survivors (0K)
 Metaspace       used 1042K, committed 1216K, reserved 1056768K
  class space    used 78K, committed 192K, reserved 1048576K
}
Event: 0.361 GC heap after
{Heap after GC invocations=1 (full 0):
 garbage-first heap   total 262144K, used 1473K [0x0000000701600000, 0x0000000800000000)
  region size 2048K, 1 young (2048K), 1 survivors (2048K)
 Metaspace       used 1042K, committed 1216K, reserved 1056768K
  class space    used 78K, committed 192K, reserved 1048576K
}
Event: 1.337 GC heap before
{Heap before GC invocations=1 (full 0):
 garbage-first heap   total 262144K, used 19905K [0x0000000701600000, 0x0000000800000000)
  region size 2048K, 11 young (22528K), 1 survivors (2048K)
 Metaspace       used 7465K, committed 7680K, reserved 1056768K
  class space    used 909K, committed 1024K, reserved 1048576K
}
Event: 1.346 GC heap after
{Heap after GC invocations=2 (full 0):
 garbage-first heap   total 262144K, used 4208K [0x0000000701600000, 0x0000000800000000)
  region size 2048K, 2 young (4096K), 2 survivors (4096K)
 Metaspace       used 7465K, committed 7680K, reserved 1056768K
  class space    used 909K, committed 1024K, reserved 1048576K
}
Event: 9.788 GC heap before
{Heap before GC invocations=2 (full 0):
 garbage-first heap   total 262144K, used 61552K [0x0000000701600000, 0x0000000800000000)
  region size 2048K, 28 young (57344K), 2 survivors (4096K)
 Metaspace       used 20972K, committed 21248K, reserved 1073152K
  class space    used 2841K, committed 3008K, reserved 1048576K
}
Event: 9.801 GC heap after
{Heap after GC invocations=3 (full 0):
 garbage-first heap   total 262144K, used 14679K [0x0000000701600000, 0x0000000800000000)
  region size 2048K, 5 young (10240K), 5 survivors (10240K)
 Metaspace       used 20972K, committed 21248K, reserved 1073152K
  class space    used 2841K, committed 3008K, reserved 1048576K
}
Event: 15.902 GC heap before
{Heap before GC invocations=4 (full 0):
 garbage-first heap   total 61440K, used 41303K [0x0000000701600000, 0x0000000800000000)
  region size 2048K, 18 young (36864K), 5 survivors (10240K)
 Metaspace       used 28519K, committed 28928K, reserved 1081344K
  class space    used 3773K, committed 3968K, reserved 1048576K
}
Event: 15.918 GC heap after
{Heap after GC invocations=5 (full 0):
 garbage-first heap   total 61440K, used 18719K [0x0000000701600000, 0x0000000800000000)
  region size 2048K, 3 young (6144K), 3 survivors (6144K)
 Metaspace       used 28519K, committed 28928K, reserved 1081344K
  class space    used 3773K, committed 3968K, reserved 1048576K
}
Event: 16.611 GC heap before
{Heap before GC invocations=5 (full 0):
 garbage-first heap   total 61440K, used 41247K [0x0000000701600000, 0x0000000800000000)
  region size 2048K, 14 young (28672K), 3 survivors (6144K)
 Metaspace       used 29049K, committed 29504K, reserved 1081344K
  class space    used 3832K, committed 4032K, reserved 1048576K
}
Event: 16.621 GC heap after
{Heap after GC invocations=6 (full 0):
 garbage-first heap   total 61440K, used 20208K [0x0000000701600000, 0x0000000800000000)
  region size 2048K, 1 young (2048K), 1 survivors (2048K)
 Metaspace       used 29049K, committed 29504K, reserved 1081344K
  class space    used 3832K, committed 4032K, reserved 1048576K
}

